Thu Mar 30 08:47:17 2017
number of descriptors::2
Thu Mar 30 08:47:17 2017
open_socket::6
Thu Mar 30 08:47:17 2017
send_char_to_all::5::online 2

Thu Mar 30 08:47:28 2017
send_char_to_all::5::close 2


Thu Mar 30 08:47:28 2017
close_socket::6
Thu Mar 30 08:49:36 2017
server::init
Thu Mar 30 08:49:36 2017
server::start
Thu Mar 30 08:50:06 2017
server::init
Thu Mar 30 08:50:06 2017
server::start
Thu Mar 30 08:50:06 2017
number of descriptors::1
Thu Mar 30 08:50:06 2017
open_socket::5
Thu Mar 30 08:50:06 2017
send_char_to_all::-1::online 1

Thu Mar 30 08:50:21 2017
number of descriptors::2
Thu Mar 30 08:50:21 2017
open_socket::6
Thu Mar 30 08:50:21 2017
send_char_to_all::5::online 2

Thu Mar 30 08:50:21 2017
send_char_to_all::32522::online 2

Thu Mar 30 08:50:24 2017
close_socket::6
Thu Mar 30 08:50:24 2017
send_char_to_all::5::close 2


Thu Mar 30 08:50:24 2017
send_char_to_all::32522::close 2


Thu Mar 30 08:50:34 2017
close_socket::5
Thu Mar 30 08:50:34 2017
send_char_to_all::6::close 1


Thu Mar 30 08:50:50 2017
number of descriptors::1
Thu Mar 30 08:50:50 2017
open_socket::5
Thu Mar 30 08:50:50 2017
send_char_to_all::6::online 1

Thu Mar 30 08:51:02 2017
number of descriptors::2
Thu Mar 30 08:51:02 2017
open_socket::6
Thu Mar 30 08:51:02 2017
send_char_to_all::5::online 2

Thu Mar 30 08:51:02 2017
send_char_to_all::32522::online 2

Thu Mar 30 08:51:08 2017
close_socket::5
Thu Mar 30 08:51:08 2017
send_char_to_all::6::close 2


Thu Mar 30 08:51:08 2017
send_char_to_all::32522::close 2


